Start testing: Jun 01 00:13 MSK
----------------------------------------------------------
1/1 Testing: print_test
1/1 Test: print_test
Command: "/home/parallels/shchelokov12/workspace/projects/lab07/_builds/test_print"
Directory: /home/parallels/shchelokov12/workspace/projects/lab07/_builds
"print_test" start time: Jun 01 00:13 MSK
Output:
----------------------------------------------------------
<end of output>
Test time =   0.00 sec
----------------------------------------------------------
Test Passed.
"print_test" end time: Jun 01 00:13 MSK
"print_test" time elapsed: 00:00:00
----------------------------------------------------------

End testing: Jun 01 00:13 MSK
